Jun 30 2017 07:11:36
{"Number":2,"Message":"touch(): Utime failed: Operation not permitted","File":"\/var\/www\/html\/wp-organization\/wp-content\/plugins\/all-in-one-wp-migration\/lib\/vendor\/servmask\/archiver\/class-ai1wm-extractor.php","Line":366}

Jun 30 2017 07:11:36
{"Number":2,"Message":"chmod(): Operation not permitted","File":"\/var\/www\/html\/wp-organization\/wp-content\/plugins\/all-in-one-wp-migration\/lib\/vendor\/servmask\/archiver\/class-ai1wm-extractor.php","Line":370}

Jun 30 2017 07:11:36
{"Number":2,"Message":"touch(): Utime failed: Operation not permitted","File":"\/var\/www\/html\/wp-organization\/wp-content\/plugins\/all-in-one-wp-migration\/lib\/vendor\/servmask\/archiver\/class-ai1wm-extractor.php","Line":366}

Jun 30 2017 07:11:36
{"Number":2,"Message":"chmod(): Operation not permitted","File":"\/var\/www\/html\/wp-organization\/wp-content\/plugins\/all-in-one-wp-migration\/lib\/vendor\/servmask\/archiver\/class-ai1wm-extractor.php","Line":370}

Jun 30 2017 07:11:36
{"Number":2,"Message":"touch(): Utime failed: Operation not permitted","File":"\/var\/www\/html\/wp-organization\/wp-content\/plugins\/all-in-one-wp-migration\/lib\/vendor\/servmask\/archiver\/class-ai1wm-extractor.php","Line":366}

Jun 30 2017 07:11:36
{"Number":2,"Message":"chmod(): Operation not permitted","File":"\/var\/www\/html\/wp-organization\/wp-content\/plugins\/all-in-one-wp-migration\/lib\/vendor\/servmask\/archiver\/class-ai1wm-extractor.php","Line":370}

Jun 30 2017 07:11:36
{"Number":2,"Message":"touch(): Utime failed: Operation not permitted","File":"\/var\/www\/html\/wp-organization\/wp-content\/plugins\/all-in-one-wp-migration\/lib\/vendor\/servmask\/archiver\/class-ai1wm-extractor.php","Line":366}

Jun 30 2017 07:11:36
{"Number":2,"Message":"chmod(): Operation not permitted","File":"\/var\/www\/html\/wp-organization\/wp-content\/plugins\/all-in-one-wp-migration\/lib\/vendor\/servmask\/archiver\/class-ai1wm-extractor.php","Line":370}

Jun 30 2017 07:11:36
{"Number":2,"Message":"touch(): Utime failed: Operation not permitted","File":"\/var\/www\/html\/wp-organization\/wp-content\/plugins\/all-in-one-wp-migration\/lib\/vendor\/servmask\/archiver\/class-ai1wm-extractor.php","Line":366}

Jun 30 2017 07:11:36
{"Number":2,"Message":"chmod(): Operation not permitted","File":"\/var\/www\/html\/wp-organization\/wp-content\/plugins\/all-in-one-wp-migration\/lib\/vendor\/servmask\/archiver\/class-ai1wm-extractor.php","Line":370}

Jun 30 2017 07:11:36
{"Number":2,"Message":"touch(): Utime failed: Operation not permitted","File":"\/var\/www\/html\/wp-organization\/wp-content\/plugins\/all-in-one-wp-migration\/lib\/vendor\/servmask\/archiver\/class-ai1wm-extractor.php","Line":366}

Jun 30 2017 07:11:36
{"Number":2,"Message":"chmod(): Operation not permitted","File":"\/var\/www\/html\/wp-organization\/wp-content\/plugins\/all-in-one-wp-migration\/lib\/vendor\/servmask\/archiver\/class-ai1wm-extractor.php","Line":370}

Jun 30 2017 07:11:36
{"Number":2,"Message":"touch(): Utime failed: Operation not permitted","File":"\/var\/www\/html\/wp-organization\/wp-content\/plugins\/all-in-one-wp-migration\/lib\/vendor\/servmask\/archiver\/class-ai1wm-extractor.php","Line":366}

Jun 30 2017 07:11:36
{"Number":2,"Message":"chmod(): Operation not permitted","File":"\/var\/www\/html\/wp-organization\/wp-content\/plugins\/all-in-one-wp-migration\/lib\/vendor\/servmask\/archiver\/class-ai1wm-extractor.php","Line":370}

Jun 30 2017 07:11:36
{"Number":2,"Message":"touch(): Utime failed: Operation not permitted","File":"\/var\/www\/html\/wp-organization\/wp-content\/plugins\/all-in-one-wp-migration\/lib\/vendor\/servmask\/archiver\/class-ai1wm-extractor.php","Line":366}

Jun 30 2017 07:11:36
{"Number":2,"Message":"chmod(): Operation not permitted","File":"\/var\/www\/html\/wp-organization\/wp-content\/plugins\/all-in-one-wp-migration\/lib\/vendor\/servmask\/archiver\/class-ai1wm-extractor.php","Line":370}

Jun 30 2017 07:11:36
{"Number":2,"Message":"touch(): Utime failed: Operation not permitted","File":"\/var\/www\/html\/wp-organization\/wp-content\/plugins\/all-in-one-wp-migration\/lib\/vendor\/servmask\/archiver\/class-ai1wm-extractor.php","Line":366}

Jun 30 2017 07:11:36
{"Number":2,"Message":"chmod(): Operation not permitted","File":"\/var\/www\/html\/wp-organization\/wp-content\/plugins\/all-in-one-wp-migration\/lib\/vendor\/servmask\/archiver\/class-ai1wm-extractor.php","Line":370}

Jun 30 2017 07:11:36
{"Number":2,"Message":"touch(): Utime failed: Operation not permitted","File":"\/var\/www\/html\/wp-organization\/wp-content\/plugins\/all-in-one-wp-migration\/lib\/vendor\/servmask\/archiver\/class-ai1wm-extractor.php","Line":366}

Jun 30 2017 07:11:36
{"Number":2,"Message":"chmod(): Operation not permitted","File":"\/var\/www\/html\/wp-organization\/wp-content\/plugins\/all-in-one-wp-migration\/lib\/vendor\/servmask\/archiver\/class-ai1wm-extractor.php","Line":370}

Jun 30 2017 07:11:36
{"Number":2,"Message":"touch(): Utime failed: Operation not permitted","File":"\/var\/www\/html\/wp-organization\/wp-content\/plugins\/all-in-one-wp-migration\/lib\/vendor\/servmask\/archiver\/class-ai1wm-extractor.php","Line":366}

Jun 30 2017 07:11:36
{"Number":2,"Message":"chmod(): Operation not permitted","File":"\/var\/www\/html\/wp-organization\/wp-content\/plugins\/all-in-one-wp-migration\/lib\/vendor\/servmask\/archiver\/class-ai1wm-extractor.php","Line":370}

Jun 30 2017 07:11:36
{"Number":2,"Message":"touch(): Utime failed: Operation not permitted","File":"\/var\/www\/html\/wp-organization\/wp-content\/plugins\/all-in-one-wp-migration\/lib\/vendor\/servmask\/archiver\/class-ai1wm-extractor.php","Line":366}

Jun 30 2017 07:11:36
{"Number":2,"Message":"chmod(): Operation not permitted","File":"\/var\/www\/html\/wp-organization\/wp-content\/plugins\/all-in-one-wp-migration\/lib\/vendor\/servmask\/archiver\/class-ai1wm-extractor.php","Line":370}

Jun 30 2017 07:11:36
{"Number":2,"Message":"touch(): Utime failed: Operation not permitted","File":"\/var\/www\/html\/wp-organization\/wp-content\/plugins\/all-in-one-wp-migration\/lib\/vendor\/servmask\/archiver\/class-ai1wm-extractor.php","Line":366}

Jun 30 2017 07:11:36
{"Number":2,"Message":"chmod(): Operation not permitted","File":"\/var\/www\/html\/wp-organization\/wp-content\/plugins\/all-in-one-wp-migration\/lib\/vendor\/servmask\/archiver\/class-ai1wm-extractor.php","Line":370}

Jun 30 2017 07:11:36
{"Number":2,"Message":"touch(): Utime failed: Operation not permitted","File":"\/var\/www\/html\/wp-organization\/wp-content\/plugins\/all-in-one-wp-migration\/lib\/vendor\/servmask\/archiver\/class-ai1wm-extractor.php","Line":366}

Jun 30 2017 07:11:36
{"Number":2,"Message":"chmod(): Operation not permitted","File":"\/var\/www\/html\/wp-organization\/wp-content\/plugins\/all-in-one-wp-migration\/lib\/vendor\/servmask\/archiver\/class-ai1wm-extractor.php","Line":370}

Jun 30 2017 07:11:36
{"Number":2,"Message":"touch(): Utime failed: Operation not permitted","File":"\/var\/www\/html\/wp-organization\/wp-content\/plugins\/all-in-one-wp-migration\/lib\/vendor\/servmask\/archiver\/class-ai1wm-extractor.php","Line":366}

Jun 30 2017 07:11:36
{"Number":2,"Message":"chmod(): Operation not permitted","File":"\/var\/www\/html\/wp-organization\/wp-content\/plugins\/all-in-one-wp-migration\/lib\/vendor\/servmask\/archiver\/class-ai1wm-extractor.php","Line":370}

Jun 30 2017 07:11:36
{"Number":2,"Message":"touch(): Utime failed: Operation not permitted","File":"\/var\/www\/html\/wp-organization\/wp-content\/plugins\/all-in-one-wp-migration\/lib\/vendor\/servmask\/archiver\/class-ai1wm-extractor.php","Line":366}

Jun 30 2017 07:11:36
{"Number":2,"Message":"chmod(): Operation not permitted","File":"\/var\/www\/html\/wp-organization\/wp-content\/plugins\/all-in-one-wp-migration\/lib\/vendor\/servmask\/archiver\/class-ai1wm-extractor.php","Line":370}

Jun 30 2017 07:11:36
{"Number":2,"Message":"touch(): Utime failed: Operation not permitted","File":"\/var\/www\/html\/wp-organization\/wp-content\/plugins\/all-in-one-wp-migration\/lib\/vendor\/servmask\/archiver\/class-ai1wm-extractor.php","Line":366}

Jun 30 2017 07:11:36
{"Number":2,"Message":"chmod(): Operation not permitted","File":"\/var\/www\/html\/wp-organization\/wp-content\/plugins\/all-in-one-wp-migration\/lib\/vendor\/servmask\/archiver\/class-ai1wm-extractor.php","Line":370}

Jun 30 2017 07:11:36
{"Number":2,"Message":"touch(): Utime failed: Operation not permitted","File":"\/var\/www\/html\/wp-organization\/wp-content\/plugins\/all-in-one-wp-migration\/lib\/vendor\/servmask\/archiver\/class-ai1wm-extractor.php","Line":366}

Jun 30 2017 07:11:36
{"Number":2,"Message":"chmod(): Operation not permitted","File":"\/var\/www\/html\/wp-organization\/wp-content\/plugins\/all-in-one-wp-migration\/lib\/vendor\/servmask\/archiver\/class-ai1wm-extractor.php","Line":370}

Jun 30 2017 07:11:36
{"Number":2,"Message":"touch(): Utime failed: Operation not permitted","File":"\/var\/www\/html\/wp-organization\/wp-content\/plugins\/all-in-one-wp-migration\/lib\/vendor\/servmask\/archiver\/class-ai1wm-extractor.php","Line":366}

Jun 30 2017 07:11:36
{"Number":2,"Message":"chmod(): Operation not permitted","File":"\/var\/www\/html\/wp-organization\/wp-content\/plugins\/all-in-one-wp-migration\/lib\/vendor\/servmask\/archiver\/class-ai1wm-extractor.php","Line":370}

Jun 30 2017 07:11:36
{"Number":2,"Message":"touch(): Utime failed: Operation not permitted","File":"\/var\/www\/html\/wp-organization\/wp-content\/plugins\/all-in-one-wp-migration\/lib\/vendor\/servmask\/archiver\/class-ai1wm-extractor.php","Line":366}

Jun 30 2017 07:11:36
{"Number":2,"Message":"chmod(): Operation not permitted","File":"\/var\/www\/html\/wp-organization\/wp-content\/plugins\/all-in-one-wp-migration\/lib\/vendor\/servmask\/archiver\/class-ai1wm-extractor.php","Line":370}

Jun 30 2017 07:11:36
{"Number":2,"Message":"touch(): Utime failed: Operation not permitted","File":"\/var\/www\/html\/wp-organization\/wp-content\/plugins\/all-in-one-wp-migration\/lib\/vendor\/servmask\/archiver\/class-ai1wm-extractor.php","Line":366}

Jun 30 2017 07:11:36
{"Number":2,"Message":"chmod(): Operation not permitted","File":"\/var\/www\/html\/wp-organization\/wp-content\/plugins\/all-in-one-wp-migration\/lib\/vendor\/servmask\/archiver\/class-ai1wm-extractor.php","Line":370}

Jun 30 2017 07:11:36
{"Number":2,"Message":"touch(): Utime failed: Operation not permitted","File":"\/var\/www\/html\/wp-organization\/wp-content\/plugins\/all-in-one-wp-migration\/lib\/vendor\/servmask\/archiver\/class-ai1wm-extractor.php","Line":366}

Jun 30 2017 07:11:36
{"Number":2,"Message":"chmod(): Operation not permitted","File":"\/var\/www\/html\/wp-organization\/wp-content\/plugins\/all-in-one-wp-migration\/lib\/vendor\/servmask\/archiver\/class-ai1wm-extractor.php","Line":370}

Jun 30 2017 07:11:36
{"Number":2,"Message":"touch(): Utime failed: Operation not permitted","File":"\/var\/www\/html\/wp-organization\/wp-content\/plugins\/all-in-one-wp-migration\/lib\/vendor\/servmask\/archiver\/class-ai1wm-extractor.php","Line":366}

Jun 30 2017 07:11:36
{"Number":2,"Message":"chmod(): Operation not permitted","File":"\/var\/www\/html\/wp-organization\/wp-content\/plugins\/all-in-one-wp-migration\/lib\/vendor\/servmask\/archiver\/class-ai1wm-extractor.php","Line":370}

Jun 30 2017 07:11:36
{"Number":2,"Message":"touch(): Utime failed: Operation not permitted","File":"\/var\/www\/html\/wp-organization\/wp-content\/plugins\/all-in-one-wp-migration\/lib\/vendor\/servmask\/archiver\/class-ai1wm-extractor.php","Line":366}

Jun 30 2017 07:11:36
{"Number":2,"Message":"chmod(): Operation not permitted","File":"\/var\/www\/html\/wp-organization\/wp-content\/plugins\/all-in-one-wp-migration\/lib\/vendor\/servmask\/archiver\/class-ai1wm-extractor.php","Line":370}

Jun 30 2017 07:11:36
{"Number":2,"Message":"touch(): Utime failed: Operation not permitted","File":"\/var\/www\/html\/wp-organization\/wp-content\/plugins\/all-in-one-wp-migration\/lib\/vendor\/servmask\/archiver\/class-ai1wm-extractor.php","Line":366}

Jun 30 2017 07:11:36
{"Number":2,"Message":"chmod(): Operation not permitted","File":"\/var\/www\/html\/wp-organization\/wp-content\/plugins\/all-in-one-wp-migration\/lib\/vendor\/servmask\/archiver\/class-ai1wm-extractor.php","Line":370}

Jun 30 2017 07:11:36
{"Number":2,"Message":"touch(): Utime failed: Operation not permitted","File":"\/var\/www\/html\/wp-organization\/wp-content\/plugins\/all-in-one-wp-migration\/lib\/vendor\/servmask\/archiver\/class-ai1wm-extractor.php","Line":366}

Jun 30 2017 07:11:36
{"Number":2,"Message":"chmod(): Operation not permitted","File":"\/var\/www\/html\/wp-organization\/wp-content\/plugins\/all-in-one-wp-migration\/lib\/vendor\/servmask\/archiver\/class-ai1wm-extractor.php","Line":370}

Jun 30 2017 07:11:36
{"Number":2,"Message":"touch(): Utime failed: Operation not permitted","File":"\/var\/www\/html\/wp-organization\/wp-content\/plugins\/all-in-one-wp-migration\/lib\/vendor\/servmask\/archiver\/class-ai1wm-extractor.php","Line":366}

Jun 30 2017 07:11:36
{"Number":2,"Message":"chmod(): Operation not permitted","File":"\/var\/www\/html\/wp-organization\/wp-content\/plugins\/all-in-one-wp-migration\/lib\/vendor\/servmask\/archiver\/class-ai1wm-extractor.php","Line":370}

Jun 30 2017 07:11:36
{"Number":2,"Message":"touch(): Utime failed: Operation not permitted","File":"\/var\/www\/html\/wp-organization\/wp-content\/plugins\/all-in-one-wp-migration\/lib\/vendor\/servmask\/archiver\/class-ai1wm-extractor.php","Line":366}

Jun 30 2017 07:11:36
{"Number":2,"Message":"chmod(): Operation not permitted","File":"\/var\/www\/html\/wp-organization\/wp-content\/plugins\/all-in-one-wp-migration\/lib\/vendor\/servmask\/archiver\/class-ai1wm-extractor.php","Line":370}

Jun 30 2017 07:11:36
{"Number":2,"Message":"touch(): Utime failed: Operation not permitted","File":"\/var\/www\/html\/wp-organization\/wp-content\/plugins\/all-in-one-wp-migration\/lib\/vendor\/servmask\/archiver\/class-ai1wm-extractor.php","Line":366}

Jun 30 2017 07:11:36
{"Number":2,"Message":"chmod(): Operation not permitted","File":"\/var\/www\/html\/wp-organization\/wp-content\/plugins\/all-in-one-wp-migration\/lib\/vendor\/servmask\/archiver\/class-ai1wm-extractor.php","Line":370}

Jun 30 2017 07:11:36
{"Number":2,"Message":"touch(): Utime failed: Operation not permitted","File":"\/var\/www\/html\/wp-organization\/wp-content\/plugins\/all-in-one-wp-migration\/lib\/vendor\/servmask\/archiver\/class-ai1wm-extractor.php","Line":366}

Jun 30 2017 07:11:36
{"Number":2,"Message":"chmod(): Operation not permitted","File":"\/var\/www\/html\/wp-organization\/wp-content\/plugins\/all-in-one-wp-migration\/lib\/vendor\/servmask\/archiver\/class-ai1wm-extractor.php","Line":370}

Jun 30 2017 07:11:36
{"Number":2,"Message":"touch(): Utime failed: Operation not permitted","File":"\/var\/www\/html\/wp-organization\/wp-content\/plugins\/all-in-one-wp-migration\/lib\/vendor\/servmask\/archiver\/class-ai1wm-extractor.php","Line":366}

Jun 30 2017 07:11:36
{"Number":2,"Message":"chmod(): Operation not permitted","File":"\/var\/www\/html\/wp-organization\/wp-content\/plugins\/all-in-one-wp-migration\/lib\/vendor\/servmask\/archiver\/class-ai1wm-extractor.php","Line":370}

Jun 30 2017 07:11:36
{"Number":2,"Message":"touch(): Utime failed: Operation not permitted","File":"\/var\/www\/html\/wp-organization\/wp-content\/plugins\/all-in-one-wp-migration\/lib\/vendor\/servmask\/archiver\/class-ai1wm-extractor.php","Line":366}

Jun 30 2017 07:11:36
{"Number":2,"Message":"chmod(): Operation not permitted","File":"\/var\/www\/html\/wp-organization\/wp-content\/plugins\/all-in-one-wp-migration\/lib\/vendor\/servmask\/archiver\/class-ai1wm-extractor.php","Line":370}

Jun 30 2017 07:11:36
{"Number":2,"Message":"touch(): Utime failed: Operation not permitted","File":"\/var\/www\/html\/wp-organization\/wp-content\/plugins\/all-in-one-wp-migration\/lib\/vendor\/servmask\/archiver\/class-ai1wm-extractor.php","Line":366}

Jun 30 2017 07:11:36
{"Number":2,"Message":"chmod(): Operation not permitted","File":"\/var\/www\/html\/wp-organization\/wp-content\/plugins\/all-in-one-wp-migration\/lib\/vendor\/servmask\/archiver\/class-ai1wm-extractor.php","Line":370}

Jun 30 2017 07:11:36
{"Number":2,"Message":"touch(): Utime failed: Operation not permitted","File":"\/var\/www\/html\/wp-organization\/wp-content\/plugins\/all-in-one-wp-migration\/lib\/vendor\/servmask\/archiver\/class-ai1wm-extractor.php","Line":366}

Jun 30 2017 07:11:36
{"Number":2,"Message":"chmod(): Operation not permitted","File":"\/var\/www\/html\/wp-organization\/wp-content\/plugins\/all-in-one-wp-migration\/lib\/vendor\/servmask\/archiver\/class-ai1wm-extractor.php","Line":370}

Jun 30 2017 07:11:36
{"Number":2,"Message":"touch(): Utime failed: Operation not permitted","File":"\/var\/www\/html\/wp-organization\/wp-content\/plugins\/all-in-one-wp-migration\/lib\/vendor\/servmask\/archiver\/class-ai1wm-extractor.php","Line":366}

Jun 30 2017 07:11:36
{"Number":2,"Message":"chmod(): Operation not permitted","File":"\/var\/www\/html\/wp-organization\/wp-content\/plugins\/all-in-one-wp-migration\/lib\/vendor\/servmask\/archiver\/class-ai1wm-extractor.php","Line":370}

Jun 30 2017 07:11:36
{"Number":2,"Message":"touch(): Utime failed: Operation not permitted","File":"\/var\/www\/html\/wp-organization\/wp-content\/plugins\/all-in-one-wp-migration\/lib\/vendor\/servmask\/archiver\/class-ai1wm-extractor.php","Line":366}

Jun 30 2017 07:11:36
{"Number":2,"Message":"chmod(): Operation not permitted","File":"\/var\/www\/html\/wp-organization\/wp-content\/plugins\/all-in-one-wp-migration\/lib\/vendor\/servmask\/archiver\/class-ai1wm-extractor.php","Line":370}

Jun 30 2017 07:11:36
{"Number":2,"Message":"touch(): Utime failed: Operation not permitted","File":"\/var\/www\/html\/wp-organization\/wp-content\/plugins\/all-in-one-wp-migration\/lib\/vendor\/servmask\/archiver\/class-ai1wm-extractor.php","Line":366}

Jun 30 2017 07:11:36
{"Number":2,"Message":"chmod(): Operation not permitted","File":"\/var\/www\/html\/wp-organization\/wp-content\/plugins\/all-in-one-wp-migration\/lib\/vendor\/servmask\/archiver\/class-ai1wm-extractor.php","Line":370}

Jun 30 2017 07:11:36
{"Number":2,"Message":"touch(): Utime failed: Operation not permitted","File":"\/var\/www\/html\/wp-organization\/wp-content\/plugins\/all-in-one-wp-migration\/lib\/vendor\/servmask\/archiver\/class-ai1wm-extractor.php","Line":366}

Jun 30 2017 07:11:36
{"Number":2,"Message":"chmod(): Operation not permitted","File":"\/var\/www\/html\/wp-organization\/wp-content\/plugins\/all-in-one-wp-migration\/lib\/vendor\/servmask\/archiver\/class-ai1wm-extractor.php","Line":370}

Jun 30 2017 07:11:36
{"Number":2,"Message":"touch(): Utime failed: Operation not permitted","File":"\/var\/www\/html\/wp-organization\/wp-content\/plugins\/all-in-one-wp-migration\/lib\/vendor\/servmask\/archiver\/class-ai1wm-extractor.php","Line":366}

Jun 30 2017 07:11:36
{"Number":2,"Message":"chmod(): Operation not permitted","File":"\/var\/www\/html\/wp-organization\/wp-content\/plugins\/all-in-one-wp-migration\/lib\/vendor\/servmask\/archiver\/class-ai1wm-extractor.php","Line":370}

Jun 30 2017 07:11:36
{"Number":2,"Message":"touch(): Utime failed: Operation not permitted","File":"\/var\/www\/html\/wp-organization\/wp-content\/plugins\/all-in-one-wp-migration\/lib\/vendor\/servmask\/archiver\/class-ai1wm-extractor.php","Line":366}

Jun 30 2017 07:11:36
{"Number":2,"Message":"chmod(): Operation not permitted","File":"\/var\/www\/html\/wp-organization\/wp-content\/plugins\/all-in-one-wp-migration\/lib\/vendor\/servmask\/archiver\/class-ai1wm-extractor.php","Line":370}

Jun 30 2017 07:11:36
{"Number":2,"Message":"touch(): Utime failed: Operation not permitted","File":"\/var\/www\/html\/wp-organization\/wp-content\/plugins\/all-in-one-wp-migration\/lib\/vendor\/servmask\/archiver\/class-ai1wm-extractor.php","Line":366}

Jun 30 2017 07:11:36
{"Number":2,"Message":"chmod(): Operation not permitted","File":"\/var\/www\/html\/wp-organization\/wp-content\/plugins\/all-in-one-wp-migration\/lib\/vendor\/servmask\/archiver\/class-ai1wm-extractor.php","Line":370}

Jun 30 2017 07:11:36
{"Number":2,"Message":"touch(): Utime failed: Operation not permitted","File":"\/var\/www\/html\/wp-organization\/wp-content\/plugins\/all-in-one-wp-migration\/lib\/vendor\/servmask\/archiver\/class-ai1wm-extractor.php","Line":366}

Jun 30 2017 07:11:36
{"Number":2,"Message":"chmod(): Operation not permitted","File":"\/var\/www\/html\/wp-organization\/wp-content\/plugins\/all-in-one-wp-migration\/lib\/vendor\/servmask\/archiver\/class-ai1wm-extractor.php","Line":370}

Jun 30 2017 07:11:36
{"Number":2,"Message":"touch(): Utime failed: Operation not permitted","File":"\/var\/www\/html\/wp-organization\/wp-content\/plugins\/all-in-one-wp-migration\/lib\/vendor\/servmask\/archiver\/class-ai1wm-extractor.php","Line":366}

Jun 30 2017 07:11:36
{"Number":2,"Message":"chmod(): Operation not permitted","File":"\/var\/www\/html\/wp-organization\/wp-content\/plugins\/all-in-one-wp-migration\/lib\/vendor\/servmask\/archiver\/class-ai1wm-extractor.php","Line":370}

Jun 30 2017 07:11:36
{"Number":2,"Message":"touch(): Utime failed: Operation not permitted","File":"\/var\/www\/html\/wp-organization\/wp-content\/plugins\/all-in-one-wp-migration\/lib\/vendor\/servmask\/archiver\/class-ai1wm-extractor.php","Line":366}

Jun 30 2017 07:11:36
{"Number":2,"Message":"chmod(): Operation not permitted","File":"\/var\/www\/html\/wp-organization\/wp-content\/plugins\/all-in-one-wp-migration\/lib\/vendor\/servmask\/archiver\/class-ai1wm-extractor.php","Line":370}

Jun 30 2017 07:11:36
{"Number":2,"Message":"touch(): Utime failed: Operation not permitted","File":"\/var\/www\/html\/wp-organization\/wp-content\/plugins\/all-in-one-wp-migration\/lib\/vendor\/servmask\/archiver\/class-ai1wm-extractor.php","Line":366}

Jun 30 2017 07:11:36
{"Number":2,"Message":"chmod(): Operation not permitted","File":"\/var\/www\/html\/wp-organization\/wp-content\/plugins\/all-in-one-wp-migration\/lib\/vendor\/servmask\/archiver\/class-ai1wm-extractor.php","Line":370}

Jun 30 2017 07:11:36
{"Number":2,"Message":"touch(): Utime failed: Operation not permitted","File":"\/var\/www\/html\/wp-organization\/wp-content\/plugins\/all-in-one-wp-migration\/lib\/vendor\/servmask\/archiver\/class-ai1wm-extractor.php","Line":366}

Jun 30 2017 07:11:36
{"Number":2,"Message":"chmod(): Operation not permitted","File":"\/var\/www\/html\/wp-organization\/wp-content\/plugins\/all-in-one-wp-migration\/lib\/vendor\/servmask\/archiver\/class-ai1wm-extractor.php","Line":370}

Jun 30 2017 07:11:36
{"Number":2,"Message":"touch(): Utime failed: Operation not permitted","File":"\/var\/www\/html\/wp-organization\/wp-content\/plugins\/all-in-one-wp-migration\/lib\/vendor\/servmask\/archiver\/class-ai1wm-extractor.php","Line":366}

Jun 30 2017 07:11:36
{"Number":2,"Message":"chmod(): Operation not permitted","File":"\/var\/www\/html\/wp-organization\/wp-content\/plugins\/all-in-one-wp-migration\/lib\/vendor\/servmask\/archiver\/class-ai1wm-extractor.php","Line":370}

Jun 30 2017 07:11:36
{"Number":2,"Message":"touch(): Utime failed: Operation not permitted","File":"\/var\/www\/html\/wp-organization\/wp-content\/plugins\/all-in-one-wp-migration\/lib\/vendor\/servmask\/archiver\/class-ai1wm-extractor.php","Line":366}

Jun 30 2017 07:11:36
{"Number":2,"Message":"chmod(): Operation not permitted","File":"\/var\/www\/html\/wp-organization\/wp-content\/plugins\/all-in-one-wp-migration\/lib\/vendor\/servmask\/archiver\/class-ai1wm-extractor.php","Line":370}

Jun 30 2017 07:11:36
{"Number":2,"Message":"touch(): Utime failed: Operation not permitted","File":"\/var\/www\/html\/wp-organization\/wp-content\/plugins\/all-in-one-wp-migration\/lib\/vendor\/servmask\/archiver\/class-ai1wm-extractor.php","Line":366}

Jun 30 2017 07:11:36
{"Number":2,"Message":"chmod(): Operation not permitted","File":"\/var\/www\/html\/wp-organization\/wp-content\/plugins\/all-in-one-wp-migration\/lib\/vendor\/servmask\/archiver\/class-ai1wm-extractor.php","Line":370}

Jun 30 2017 07:11:36
{"Number":2,"Message":"touch(): Utime failed: Operation not permitted","File":"\/var\/www\/html\/wp-organization\/wp-content\/plugins\/all-in-one-wp-migration\/lib\/vendor\/servmask\/archiver\/class-ai1wm-extractor.php","Line":366}

Jun 30 2017 07:11:36
{"Number":2,"Message":"chmod(): Operation not permitted","File":"\/var\/www\/html\/wp-organization\/wp-content\/plugins\/all-in-one-wp-migration\/lib\/vendor\/servmask\/archiver\/class-ai1wm-extractor.php","Line":370}

Jun 30 2017 07:11:36
{"Number":2,"Message":"touch(): Utime failed: Operation not permitted","File":"\/var\/www\/html\/wp-organization\/wp-content\/plugins\/all-in-one-wp-migration\/lib\/vendor\/servmask\/archiver\/class-ai1wm-extractor.php","Line":366}

Jun 30 2017 07:11:36
{"Number":2,"Message":"chmod(): Operation not permitted","File":"\/var\/www\/html\/wp-organization\/wp-content\/plugins\/all-in-one-wp-migration\/lib\/vendor\/servmask\/archiver\/class-ai1wm-extractor.php","Line":370}

Jun 30 2017 07:11:36
{"Number":2,"Message":"touch(): Utime failed: Operation not permitted","File":"\/var\/www\/html\/wp-organization\/wp-content\/plugins\/all-in-one-wp-migration\/lib\/vendor\/servmask\/archiver\/class-ai1wm-extractor.php","Line":366}

Jun 30 2017 07:11:36
{"Number":2,"Message":"chmod(): Operation not permitted","File":"\/var\/www\/html\/wp-organization\/wp-content\/plugins\/all-in-one-wp-migration\/lib\/vendor\/servmask\/archiver\/class-ai1wm-extractor.php","Line":370}

Jun 30 2017 07:11:36
{"Number":2,"Message":"touch(): Utime failed: Operation not permitted","File":"\/var\/www\/html\/wp-organization\/wp-content\/plugins\/all-in-one-wp-migration\/lib\/vendor\/servmask\/archiver\/class-ai1wm-extractor.php","Line":366}

Jun 30 2017 07:11:36
{"Number":2,"Message":"chmod(): Operation not permitted","File":"\/var\/www\/html\/wp-organization\/wp-content\/plugins\/all-in-one-wp-migration\/lib\/vendor\/servmask\/archiver\/class-ai1wm-extractor.php","Line":370}

Jun 30 2017 07:11:36
{"Number":2,"Message":"touch(): Utime failed: Operation not permitted","File":"\/var\/www\/html\/wp-organization\/wp-content\/plugins\/all-in-one-wp-migration\/lib\/vendor\/servmask\/archiver\/class-ai1wm-extractor.php","Line":366}

Jun 30 2017 07:11:36
{"Number":2,"Message":"chmod(): Operation not permitted","File":"\/var\/www\/html\/wp-organization\/wp-content\/plugins\/all-in-one-wp-migration\/lib\/vendor\/servmask\/archiver\/class-ai1wm-extractor.php","Line":370}

Jun 30 2017 07:11:36
{"Number":2,"Message":"touch(): Utime failed: Operation not permitted","File":"\/var\/www\/html\/wp-organization\/wp-content\/plugins\/all-in-one-wp-migration\/lib\/vendor\/servmask\/archiver\/class-ai1wm-extractor.php","Line":366}

Jun 30 2017 07:11:36
{"Number":2,"Message":"chmod(): Operation not permitted","File":"\/var\/www\/html\/wp-organization\/wp-content\/plugins\/all-in-one-wp-migration\/lib\/vendor\/servmask\/archiver\/class-ai1wm-extractor.php","Line":370}

Jun 30 2017 07:11:36
{"Number":2,"Message":"touch(): Utime failed: Operation not permitted","File":"\/var\/www\/html\/wp-organization\/wp-content\/plugins\/all-in-one-wp-migration\/lib\/vendor\/servmask\/archiver\/class-ai1wm-extractor.php","Line":366}

Jun 30 2017 07:11:36
{"Number":2,"Message":"chmod(): Operation not permitted","File":"\/var\/www\/html\/wp-organization\/wp-content\/plugins\/all-in-one-wp-migration\/lib\/vendor\/servmask\/archiver\/class-ai1wm-extractor.php","Line":370}

Jun 30 2017 07:11:36
{"Number":2,"Message":"touch(): Utime failed: Operation not permitted","File":"\/var\/www\/html\/wp-organization\/wp-content\/plugins\/all-in-one-wp-migration\/lib\/vendor\/servmask\/archiver\/class-ai1wm-extractor.php","Line":366}

Jun 30 2017 07:11:36
{"Number":2,"Message":"chmod(): Operation not permitted","File":"\/var\/www\/html\/wp-organization\/wp-content\/plugins\/all-in-one-wp-migration\/lib\/vendor\/servmask\/archiver\/class-ai1wm-extractor.php","Line":370}

Jun 30 2017 07:11:36
{"Number":2,"Message":"touch(): Utime failed: Operation not permitted","File":"\/var\/www\/html\/wp-organization\/wp-content\/plugins\/all-in-one-wp-migration\/lib\/vendor\/servmask\/archiver\/class-ai1wm-extractor.php","Line":366}

Jun 30 2017 07:11:36
{"Number":2,"Message":"chmod(): Operation not permitted","File":"\/var\/www\/html\/wp-organization\/wp-content\/plugins\/all-in-one-wp-migration\/lib\/vendor\/servmask\/archiver\/class-ai1wm-extractor.php","Line":370}

Jun 30 2017 07:11:39
{"Number":8,"Message":"unserialize(): Error at offset 500 of 861 bytes","File":"\/var\/www\/html\/wp-organization\/wp-content\/plugins\/all-in-one-wp-migration\/lib\/vendor\/servmask\/database\/class-ai1wm-database-utility.php","Line":60}

Jun 30 2017 07:11:40
{"Number":8,"Message":"unserialize(): Error at offset 261 of 13779 bytes","File":"\/var\/www\/html\/wp-organization\/wp-content\/plugins\/all-in-one-wp-migration\/lib\/vendor\/servmask\/database\/class-ai1wm-database-utility.php","Line":60}

Jun 30 2017 07:11:40
{"Number":8,"Message":"unserialize(): Error at offset 261 of 7454 bytes","File":"\/var\/www\/html\/wp-organization\/wp-content\/plugins\/all-in-one-wp-migration\/lib\/vendor\/servmask\/database\/class-ai1wm-database-utility.php","Line":60}

Jun 30 2017 08:48:44
{"Number":2,"Message":"touch(): Utime failed: Operation not permitted","File":"\/var\/www\/html\/wp-portfolio\/wp-content\/plugins\/all-in-one-wp-migration\/lib\/vendor\/servmask\/archiver\/class-ai1wm-extractor.php","Line":366}

Jun 30 2017 08:48:44
{"Number":2,"Message":"chmod(): Operation not permitted","File":"\/var\/www\/html\/wp-portfolio\/wp-content\/plugins\/all-in-one-wp-migration\/lib\/vendor\/servmask\/archiver\/class-ai1wm-extractor.php","Line":370}

Jun 30 2017 08:48:44
{"Number":2,"Message":"touch(): Utime failed: Operation not permitted","File":"\/var\/www\/html\/wp-portfolio\/wp-content\/plugins\/all-in-one-wp-migration\/lib\/vendor\/servmask\/archiver\/class-ai1wm-extractor.php","Line":366}

Jun 30 2017 08:48:44
{"Number":2,"Message":"chmod(): Operation not permitted","File":"\/var\/www\/html\/wp-portfolio\/wp-content\/plugins\/all-in-one-wp-migration\/lib\/vendor\/servmask\/archiver\/class-ai1wm-extractor.php","Line":370}

Jun 30 2017 08:48:44
{"Number":2,"Message":"touch(): Utime failed: Operation not permitted","File":"\/var\/www\/html\/wp-portfolio\/wp-content\/plugins\/all-in-one-wp-migration\/lib\/vendor\/servmask\/archiver\/class-ai1wm-extractor.php","Line":366}

Jun 30 2017 08:48:44
{"Number":2,"Message":"chmod(): Operation not permitted","File":"\/var\/www\/html\/wp-portfolio\/wp-content\/plugins\/all-in-one-wp-migration\/lib\/vendor\/servmask\/archiver\/class-ai1wm-extractor.php","Line":370}

